2020-03-25 16:55:17,303 [Worker-4: Loading available Gradle versions] INFO  o.e.b.c.i.u.g.PublishedGradleVersions - Gradle version information cache is out-of-date. Trying to update.
2020-03-25 16:57:55,245 [Worker-9: Enabling Maven Dependency Management] INFO  o.e.m.c.i.l.LifecycleMappingFactory - Using org.eclipse.m2e.jdt.JarLifecycleMapping lifecycle mapping for MavenProject: AirFlyJPA:AirFlyJPA:0.0.1-SNAPSHOT @ C:\Users\Korisnik\Desktop\AirFlyApp\AirFlyJPA\pom.xml.
2020-03-25 16:58:02,853 [Worker-6: Building] WARN  o.e.m.c.i.embedder.EclipseLogger - Using platform encoding (Cp1252 actually) to copy filtered resources, i.e. build is platform dependent!
2020-03-25 16:58:02,889 [Worker-6: Building] INFO  o.e.m.c.i.embedder.EclipseLogger - Copying 1 resource
2020-03-25 16:58:02,926 [Worker-6: Building] WARN  o.e.m.c.i.embedder.EclipseLogger - Using platform encoding (Cp1252 actually) to copy filtered resources, i.e. build is platform dependent!
2020-03-25 16:58:02,934 [Worker-6: Building] INFO  o.e.m.c.i.embedder.EclipseLogger - skip non existing resourceDirectory C:\Users\Korisnik\Desktop\AirFlyApp\AirFlyJPA\src\test\resources
2020-03-25 16:58:03,028 [Worker-9: Enabling Maven Dependency Management] INFO  o.e.m.j.i.AbstractJavaProjectConfigurator - Adding source folder /AirFlyJPA/src
2020-03-25 16:58:03,034 [Worker-9: Enabling Maven Dependency Management] INFO  o.e.m.j.i.AbstractJavaProjectConfigurator - Resources folder /AirFlyJPA/src overlaps with sources folder /AirFlyJPA/src
2020-03-25 16:58:03,045 [Worker-9: Enabling Maven Dependency Management] INFO  o.e.m.j.i.AbstractJavaProjectConfigurator - Not adding source folder /AirFlyJPA/src/test/java because it overlaps with /AirFlyJPA/src
2020-03-25 16:58:03,493 [Worker-9: Enabling Maven Dependency Management] INFO  o.e.m.c.i.p.ProjectConfigurationManager - Update started
2020-03-25 16:58:07,024 [Worker-9: Enabling Maven Dependency Management] INFO  o.e.m.c.i.l.LifecycleMappingFactory - Using org.eclipse.m2e.jdt.JarLifecycleMapping lifecycle mapping for MavenProject: AirFlyJPA:AirFlyJPA:0.0.1-SNAPSHOT @ C:\Users\Korisnik\Desktop\AirFlyApp\AirFlyJPA\pom.xml.
2020-03-25 16:58:08,741 [Worker-9: Enabling Maven Dependency Management] INFO  o.e.m.j.i.AbstractJavaProjectConfigurator - Adding source folder /AirFlyJPA/src
2020-03-25 16:58:08,742 [Worker-9: Enabling Maven Dependency Management] INFO  o.e.m.j.i.AbstractJavaProjectConfigurator - Resources folder /AirFlyJPA/src overlaps with sources folder /AirFlyJPA/src
2020-03-25 16:58:08,743 [Worker-9: Enabling Maven Dependency Management] INFO  o.e.m.j.i.AbstractJavaProjectConfigurator - Not adding source folder /AirFlyJPA/src/test/java because it overlaps with /AirFlyJPA/src
2020-03-25 16:58:09,085 [Worker-11: Building] WARN  o.e.m.c.i.embedder.EclipseLogger - Using platform encoding (Cp1252 actually) to copy filtered resources, i.e. build is platform dependent!
2020-03-25 16:58:09,103 [Worker-11: Building] INFO  o.e.m.c.i.embedder.EclipseLogger - Copying 1 resource
2020-03-25 16:58:09,196 [Worker-11: Building] WARN  o.e.m.c.i.embedder.EclipseLogger - Using platform encoding (Cp1252 actually) to copy filtered resources, i.e. build is platform dependent!
2020-03-25 16:58:09,200 [Worker-11: Building] INFO  o.e.m.c.i.embedder.EclipseLogger - skip non existing resourceDirectory C:\Users\Korisnik\Desktop\AirFlyApp\AirFlyJPA\src\test\resources
2020-03-25 16:58:11,485 [Worker-9: Enabling Maven Dependency Management] INFO  o.e.m.c.i.p.ProjectConfigurationManager - Update completed: 7 sec
2020-03-25 16:58:12,151 [Worker-4: Building] WARN  o.e.m.c.i.embedder.EclipseLogger - Using platform encoding (Cp1252 actually) to copy filtered resources, i.e. build is platform dependent!
2020-03-25 16:58:12,161 [Worker-4: Building] INFO  o.e.m.c.i.embedder.EclipseLogger - Copying 1 resource
2020-03-25 16:58:12,184 [Worker-4: Building] WARN  o.e.m.c.i.embedder.EclipseLogger - Using platform encoding (Cp1252 actually) to copy filtered resources, i.e. build is platform dependent!
2020-03-25 16:58:12,194 [Worker-4: Building] INFO  o.e.m.c.i.embedder.EclipseLogger - skip non existing resourceDirectory C:\Users\Korisnik\Desktop\AirFlyApp\AirFlyJPA\src\test\resources
2020-03-25 17:01:17,450 [Worker-8: Building] INFO  o.e.m.c.i.l.LifecycleMappingFactory - Using org.eclipse.m2e.jdt.JarLifecycleMapping lifecycle mapping for MavenProject: AirFlyJPA:AirFlyJPA:0.0.1-SNAPSHOT @ C:\Users\Korisnik\Desktop\AirFlyApp\AirFlyJPA\pom.xml.
2020-03-25 17:01:20,539 [Worker-8: Building] WARN  o.e.m.c.i.embedder.EclipseLogger - Using platform encoding (Cp1252 actually) to copy filtered resources, i.e. build is platform dependent!
2020-03-25 17:01:20,548 [Worker-8: Building] INFO  o.e.m.c.i.embedder.EclipseLogger - Copying 0 resource
2020-03-25 17:01:20,554 [Worker-8: Building] WARN  o.e.m.c.i.embedder.EclipseLogger - Using platform encoding (Cp1252 actually) to copy filtered resources, i.e. build is platform dependent!
2020-03-25 17:01:20,560 [Worker-8: Building] INFO  o.e.m.c.i.embedder.EclipseLogger - skip non existing resourceDirectory C:\Users\Korisnik\Desktop\AirFlyApp\AirFlyJPA\src\test\resources
2020-03-25 17:01:23,747 [Worker-4: Building] WARN  o.e.m.c.i.embedder.EclipseLogger - Using platform encoding (Cp1252 actually) to copy filtered resources, i.e. build is platform dependent!
2020-03-25 17:01:23,753 [Worker-4: Building] INFO  o.e.m.c.i.embedder.EclipseLogger - Copying 1 resource
2020-03-25 17:01:23,792 [Worker-4: Building] WARN  o.e.m.c.i.embedder.EclipseLogger - Using platform encoding (Cp1252 actually) to copy filtered resources, i.e. build is platform dependent!
2020-03-25 17:01:23,796 [Worker-4: Building] INFO  o.e.m.c.i.embedder.EclipseLogger - skip non existing resourceDirectory C:\Users\Korisnik\Desktop\AirFlyApp\AirFlyJPA\src\test\resources
2020-03-25 17:01:38,191 [Worker-3: Launching Executing install in C__Users_Korisnik_Desktop_AirFlyApp_AirFlyJPA] INFO  o.e.m.i.launch.MavenLaunchDelegate - C:\Users\Korisnik\Desktop\AirFlyApp\AirFlyJPA
2020-03-25 17:01:38,195 [Worker-3: Launching Executing install in C__Users_Korisnik_Desktop_AirFlyApp_AirFlyJPA] INFO  o.e.m.i.launch.MavenLaunchDelegate -  mvn -B install
2020-03-25 17:01:53,279 [Worker-1: Building] WARN  o.e.m.c.i.embedder.EclipseLogger - Using platform encoding (Cp1252 actually) to copy filtered resources, i.e. build is platform dependent!
2020-03-25 17:01:53,281 [Worker-1: Building] INFO  o.e.m.c.i.embedder.EclipseLogger - Copying 0 resource
2020-03-25 17:01:53,283 [Worker-1: Building] WARN  o.e.m.c.i.embedder.EclipseLogger - Using platform encoding (Cp1252 actually) to copy filtered resources, i.e. build is platform dependent!
2020-03-25 17:01:53,288 [Worker-1: Building] INFO  o.e.m.c.i.embedder.EclipseLogger - skip non existing resourceDirectory C:\Users\Korisnik\Desktop\AirFlyApp\AirFlyJPA\src\test\resources
2020-03-25 17:38:10,860 [Worker-28: Building] WARN  o.e.m.c.i.embedder.EclipseLogger - Using platform encoding (Cp1252 actually) to copy filtered resources, i.e. build is platform dependent!
2020-03-25 17:38:10,904 [Worker-28: Building] INFO  o.e.m.c.i.embedder.EclipseLogger - Copying 1 resource
2020-03-25 17:38:10,926 [Worker-28: Building] WARN  o.e.m.c.i.embedder.EclipseLogger - Using platform encoding (Cp1252 actually) to copy filtered resources, i.e. build is platform dependent!
2020-03-25 17:38:10,931 [Worker-28: Building] INFO  o.e.m.c.i.embedder.EclipseLogger - skip non existing resourceDirectory C:\Users\Korisnik\Desktop\AirFlyApp\AirFlyJPA\src\test\resources
2020-03-25 17:38:30,638 [Worker-23: Building] WARN  o.e.m.c.i.embedder.EclipseLogger - Using platform encoding (Cp1252 actually) to copy filtered resources, i.e. build is platform dependent!
2020-03-25 17:38:30,642 [Worker-23: Building] INFO  o.e.m.c.i.embedder.EclipseLogger - Copying 1 resource
2020-03-25 17:38:30,651 [Worker-23: Building] WARN  o.e.m.c.i.embedder.EclipseLogger - Using platform encoding (Cp1252 actually) to copy filtered resources, i.e. build is platform dependent!
2020-03-25 17:38:30,654 [Worker-23: Building] INFO  o.e.m.c.i.embedder.EclipseLogger - skip non existing resourceDirectory C:\Users\Korisnik\Desktop\AirFlyApp\AirFlyJPA\src\test\resources
2020-03-25 17:40:04,542 [Worker-28: Import Getting Started Content] INFO  o.e.m.c.i.l.LifecycleMappingFactory - Using org.eclipse.m2e.jdt.JarLifecycleMapping lifecycle mapping for MavenProject: airfly:AirFlySPRING:0.0.1-SNAPSHOT @ C:\Users\Korisnik\Desktop\AirFlyApp\AirFlySPRING\pom.xml.
2020-03-25 17:40:14,332 [Worker-28: Import Getting Started Content] INFO  o.e.m.j.i.AbstractJavaProjectConfigurator - Adding source folder /AirFlySPRING/src/main/java
2020-03-25 17:40:14,334 [Worker-28: Import Getting Started Content] INFO  o.e.m.j.i.AbstractJavaProjectConfigurator - Adding resource folder /AirFlySPRING/src/main/resources
2020-03-25 17:40:14,490 [Worker-28: Import Getting Started Content] INFO  o.e.m.j.i.AbstractJavaProjectConfigurator - Adding resource folder /AirFlySPRING/src/main/resources
2020-03-25 17:40:14,562 [Worker-28: Import Getting Started Content] INFO  o.e.m.j.i.AbstractJavaProjectConfigurator - Adding source folder /AirFlySPRING/src/test/java
2020-03-25 17:40:16,727 [Worker-28: Import Getting Started Content] INFO  o.e.m.c.i.p.ProjectConfigurationManager - Imported and configured 1 project(s) in 16 sec
2020-03-25 17:40:16,733 [Worker-28: Import Getting Started Content] INFO  o.e.m.c.i.p.ProjectConfigurationManager - Update started
2020-03-25 17:40:19,207 [Worker-28: Import Getting Started Content] INFO  o.e.m.c.i.l.LifecycleMappingFactory - Using org.eclipse.m2e.jdt.JarLifecycleMapping lifecycle mapping for MavenProject: airfly:AirFlySPRING:0.0.1-SNAPSHOT @ C:\Users\Korisnik\Desktop\AirFlyApp\AirFlySPRING\pom.xml.
2020-03-25 17:40:22,089 [Worker-28: Import Getting Started Content] INFO  o.e.m.j.i.AbstractJavaProjectConfigurator - Adding source folder /AirFlySPRING/src/main/java
2020-03-25 17:40:22,091 [Worker-28: Import Getting Started Content] INFO  o.e.m.j.i.AbstractJavaProjectConfigurator - Adding resource folder /AirFlySPRING/src/main/resources
2020-03-25 17:40:22,096 [Worker-28: Import Getting Started Content] INFO  o.e.m.j.i.AbstractJavaProjectConfigurator - Adding resource folder /AirFlySPRING/src/main/resources
2020-03-25 17:40:22,109 [Worker-28: Import Getting Started Content] INFO  o.e.m.j.i.AbstractJavaProjectConfigurator - Adding source folder /AirFlySPRING/src/test/java
2020-03-25 17:40:23,022 [Worker-28: Import Getting Started Content] INFO  o.e.m.c.i.p.ProjectConfigurationManager - Update completed: 6 sec
2020-03-25 17:40:26,158 [Worker-29: Building] INFO  o.e.m.c.i.embedder.EclipseLogger - Using 'UTF-8' encoding to copy filtered resources.
2020-03-25 17:40:26,159 [Worker-29: Building] INFO  o.e.m.c.i.embedder.EclipseLogger - Copying 1 resource
2020-03-25 17:40:26,216 [Worker-29: Building] INFO  o.e.m.c.i.embedder.EclipseLogger - Copying 0 resource
2020-03-25 17:40:26,231 [Worker-29: Building] INFO  o.e.m.c.i.embedder.EclipseLogger - Using 'UTF-8' encoding to copy filtered resources.
2020-03-25 17:40:26,231 [Worker-29: Building] INFO  o.e.m.c.i.embedder.EclipseLogger - skip non existing resourceDirectory C:\Users\Korisnik\Desktop\AirFlyApp\AirFlySPRING\src\test\resources
2020-03-25 17:51:33,934 [Worker-32: Building] INFO  o.e.m.c.i.l.LifecycleMappingFactory - Using org.eclipse.m2e.jdt.JarLifecycleMapping lifecycle mapping for MavenProject: airfly:AirFlySPRING:0.0.1-SNAPSHOT @ C:\Users\Korisnik\Desktop\AirFlyApp\AirFlySPRING\pom.xml.
2020-03-25 17:51:36,457 [Worker-32: Building] INFO  o.e.m.c.i.p.WorkspaceClassifierResolverManager - Resolving P/AirFlyJPA: AirFlyJPA:AirFlyJPA:0.0.1-SNAPSHOT with classifier  to /AirFlyJPA/target/classes
2020-03-25 17:51:39,381 [Worker-32: Building] INFO  o.e.m.c.i.embedder.EclipseLogger - Using 'UTF-8' encoding to copy filtered resources.
2020-03-25 17:51:39,391 [Worker-32: Building] INFO  o.e.m.c.i.embedder.EclipseLogger - Copying 0 resource
2020-03-25 17:51:39,394 [Worker-32: Building] INFO  o.e.m.c.i.embedder.EclipseLogger - Copying 0 resource
2020-03-25 17:51:39,401 [Worker-32: Building] INFO  o.e.m.c.i.embedder.EclipseLogger - Using 'UTF-8' encoding to copy filtered resources.
2020-03-25 17:51:39,402 [Worker-32: Building] INFO  o.e.m.c.i.embedder.EclipseLogger - skip non existing resourceDirectory C:\Users\Korisnik\Desktop\AirFlyApp\AirFlySPRING\src\test\resources
2020-03-25 17:51:51,458 [Worker-31: Building] INFO  o.e.m.c.i.p.WorkspaceClassifierResolverManager - Resolving P/AirFlyJPA: AirFlyJPA:AirFlyJPA:0.0.1-SNAPSHOT with classifier  to /AirFlyJPA/target/classes
2020-03-25 17:51:51,482 [Worker-31: Building] INFO  o.e.m.c.i.embedder.EclipseLogger - Using 'UTF-8' encoding to copy filtered resources.
2020-03-25 17:51:51,489 [Worker-31: Building] INFO  o.e.m.c.i.embedder.EclipseLogger - Copying 1 resource
2020-03-25 17:51:51,533 [Worker-31: Building] INFO  o.e.m.c.i.embedder.EclipseLogger - Copying 0 resource
2020-03-25 17:51:51,538 [Worker-31: Building] INFO  o.e.m.c.i.embedder.EclipseLogger - Using 'UTF-8' encoding to copy filtered resources.
2020-03-25 17:51:51,539 [Worker-31: Building] INFO  o.e.m.c.i.embedder.EclipseLogger - skip non existing resourceDirectory C:\Users\Korisnik\Desktop\AirFlyApp\AirFlySPRING\src\test\resources
2020-03-25 17:52:40,853 [Worker-36: Building] INFO  o.e.m.c.i.embedder.EclipseLogger - Using 'UTF-8' encoding to copy filtered resources.
2020-03-25 17:52:40,854 [Worker-36: Building] INFO  o.e.m.c.i.embedder.EclipseLogger - Copying 1 resource
2020-03-25 17:52:40,858 [Worker-36: Building] INFO  o.e.m.c.i.embedder.EclipseLogger - Copying 0 resource
2020-03-25 17:52:40,861 [Worker-36: Building] INFO  o.e.m.c.i.embedder.EclipseLogger - Using 'UTF-8' encoding to copy filtered resources.
2020-03-25 17:52:40,862 [Worker-36: Building] INFO  o.e.m.c.i.embedder.EclipseLogger - skip non existing resourceDirectory C:\Users\Korisnik\Desktop\AirFlyApp\AirFlySPRING\src\test\resources
2020-03-25 17:55:18,730 [Worker-40: Building] INFO  o.e.m.c.i.embedder.EclipseLogger - Using 'UTF-8' encoding to copy filtered resources.
2020-03-25 17:55:18,732 [Worker-40: Building] INFO  o.e.m.c.i.embedder.EclipseLogger - Copying 1 resource
2020-03-25 17:55:18,748 [Worker-40: Building] INFO  o.e.m.c.i.embedder.EclipseLogger - Copying 0 resource
2020-03-25 17:55:18,776 [Worker-40: Building] INFO  o.e.m.c.i.embedder.EclipseLogger - Using 'UTF-8' encoding to copy filtered resources.
2020-03-25 17:55:18,778 [Worker-40: Building] INFO  o.e.m.c.i.embedder.EclipseLogger - skip non existing resourceDirectory C:\Users\Korisnik\Desktop\AirFlyApp\AirFlySPRING\src\test\resources
2020-03-25 17:55:52,603 [Worker-41: Building] INFO  o.e.m.c.i.embedder.EclipseLogger - Using 'UTF-8' encoding to copy filtered resources.
2020-03-25 17:55:52,605 [Worker-41: Building] INFO  o.e.m.c.i.embedder.EclipseLogger - Copying 1 resource
2020-03-25 17:55:52,609 [Worker-41: Building] INFO  o.e.m.c.i.embedder.EclipseLogger - Copying 0 resource
2020-03-25 17:55:52,613 [Worker-41: Building] INFO  o.e.m.c.i.embedder.EclipseLogger - Using 'UTF-8' encoding to copy filtered resources.
2020-03-25 17:55:52,614 [Worker-41: Building] INFO  o.e.m.c.i.embedder.EclipseLogger - skip non existing resourceDirectory C:\Users\Korisnik\Desktop\AirFlyApp\AirFlySPRING\src\test\resources
2020-03-25 17:59:00,091 [Worker-42: Building] INFO  o.e.m.c.i.embedder.EclipseLogger - Using 'UTF-8' encoding to copy filtered resources.
2020-03-25 17:59:00,094 [Worker-42: Building] INFO  o.e.m.c.i.embedder.EclipseLogger - Copying 1 resource
2020-03-25 17:59:00,099 [Worker-42: Building] INFO  o.e.m.c.i.embedder.EclipseLogger - Copying 0 resource
2020-03-25 17:59:00,118 [Worker-42: Building] INFO  o.e.m.c.i.embedder.EclipseLogger - Using 'UTF-8' encoding to copy filtered resources.
2020-03-25 17:59:00,119 [Worker-42: Building] INFO  o.e.m.c.i.embedder.EclipseLogger - skip non existing resourceDirectory C:\Users\Korisnik\Desktop\AirFlyApp\AirFlySPRING\src\test\resources
2020-03-25 17:59:32,491 [Worker-43: Building] INFO  o.e.m.c.i.embedder.EclipseLogger - Using 'UTF-8' encoding to copy filtered resources.
2020-03-25 17:59:32,494 [Worker-43: Building] INFO  o.e.m.c.i.embedder.EclipseLogger - Copying 1 resource
2020-03-25 17:59:32,497 [Worker-43: Building] INFO  o.e.m.c.i.embedder.EclipseLogger - Copying 0 resource
2020-03-25 17:59:32,502 [Worker-43: Building] INFO  o.e.m.c.i.embedder.EclipseLogger - Using 'UTF-8' encoding to copy filtered resources.
2020-03-25 17:59:32,502 [Worker-43: Building] INFO  o.e.m.c.i.embedder.EclipseLogger - skip non existing resourceDirectory C:\Users\Korisnik\Desktop\AirFlyApp\AirFlySPRING\src\test\resources
2020-03-25 17:59:49,527 [Worker-46: Building] INFO  o.e.m.c.i.embedder.EclipseLogger - Using 'UTF-8' encoding to copy filtered resources.
2020-03-25 17:59:49,531 [Worker-46: Building] INFO  o.e.m.c.i.embedder.EclipseLogger - Copying 1 resource
2020-03-25 17:59:49,537 [Worker-46: Building] INFO  o.e.m.c.i.embedder.EclipseLogger - Copying 0 resource
2020-03-25 17:59:49,547 [Worker-46: Building] INFO  o.e.m.c.i.embedder.EclipseLogger - Using 'UTF-8' encoding to copy filtered resources.
2020-03-25 17:59:49,548 [Worker-46: Building] INFO  o.e.m.c.i.embedder.EclipseLogger - skip non existing resourceDirectory C:\Users\Korisnik\Desktop\AirFlyApp\AirFlySPRING\src\test\resources
2020-03-25 18:00:07,197 [Worker-46: Building] INFO  o.e.m.c.i.embedder.EclipseLogger - Using 'UTF-8' encoding to copy filtered resources.
2020-03-25 18:00:07,201 [Worker-46: Building] INFO  o.e.m.c.i.embedder.EclipseLogger - Copying 1 resource
2020-03-25 18:00:07,207 [Worker-46: Building] INFO  o.e.m.c.i.embedder.EclipseLogger - Copying 0 resource
2020-03-25 18:00:07,214 [Worker-46: Building] INFO  o.e.m.c.i.embedder.EclipseLogger - Using 'UTF-8' encoding to copy filtered resources.
2020-03-25 18:00:07,214 [Worker-46: Building] INFO  o.e.m.c.i.embedder.EclipseLogger - skip non existing resourceDirectory C:\Users\Korisnik\Desktop\AirFlyApp\AirFlySPRING\src\test\resources
2020-03-25 18:02:04,487 [Worker-47: Building] INFO  o.e.m.c.i.embedder.EclipseLogger - Using 'UTF-8' encoding to copy filtered resources.
2020-03-25 18:02:04,490 [Worker-47: Building] INFO  o.e.m.c.i.embedder.EclipseLogger - Copying 1 resource
2020-03-25 18:02:04,495 [Worker-47: Building] INFO  o.e.m.c.i.embedder.EclipseLogger - Copying 0 resource
2020-03-25 18:02:04,499 [Worker-47: Building] INFO  o.e.m.c.i.embedder.EclipseLogger - Using 'UTF-8' encoding to copy filtered resources.
2020-03-25 18:02:04,500 [Worker-47: Building] INFO  o.e.m.c.i.embedder.EclipseLogger - skip non existing resourceDirectory C:\Users\Korisnik\Desktop\AirFlyApp\AirFlySPRING\src\test\resources
2020-03-25 18:02:15,269 [Worker-42: Building] INFO  o.e.m.c.i.embedder.EclipseLogger - Using 'UTF-8' encoding to copy filtered resources.
2020-03-25 18:02:15,273 [Worker-42: Building] INFO  o.e.m.c.i.embedder.EclipseLogger - Copying 1 resource
2020-03-25 18:02:15,277 [Worker-42: Building] INFO  o.e.m.c.i.embedder.EclipseLogger - Copying 0 resource
2020-03-25 18:02:15,283 [Worker-42: Building] INFO  o.e.m.c.i.embedder.EclipseLogger - Using 'UTF-8' encoding to copy filtered resources.
2020-03-25 18:02:15,284 [Worker-42: Building] INFO  o.e.m.c.i.embedder.EclipseLogger - skip non existing resourceDirectory C:\Users\Korisnik\Desktop\AirFlyApp\AirFlySPRING\src\test\resources
2020-03-25 18:03:34,838 [Worker-46: Building] INFO  o.e.m.c.i.embedder.EclipseLogger - Using 'UTF-8' encoding to copy filtered resources.
2020-03-25 18:03:34,840 [Worker-46: Building] INFO  o.e.m.c.i.embedder.EclipseLogger - Copying 1 resource
2020-03-25 18:03:34,845 [Worker-46: Building] INFO  o.e.m.c.i.embedder.EclipseLogger - Copying 0 resource
2020-03-25 18:03:34,852 [Worker-46: Building] INFO  o.e.m.c.i.embedder.EclipseLogger - Using 'UTF-8' encoding to copy filtered resources.
2020-03-25 18:03:34,853 [Worker-46: Building] INFO  o.e.m.c.i.embedder.EclipseLogger - skip non existing resourceDirectory C:\Users\Korisnik\Desktop\AirFlyApp\AirFlySPRING\src\test\resources
2020-03-25 18:06:46,089 [Worker-45: Building] INFO  o.e.m.c.i.embedder.EclipseLogger - Using 'UTF-8' encoding to copy filtered resources.
2020-03-25 18:06:46,094 [Worker-45: Building] INFO  o.e.m.c.i.embedder.EclipseLogger - Copying 1 resource
2020-03-25 18:06:46,098 [Worker-45: Building] INFO  o.e.m.c.i.embedder.EclipseLogger - Copying 0 resource
2020-03-25 18:06:46,103 [Worker-45: Building] INFO  o.e.m.c.i.embedder.EclipseLogger - Using 'UTF-8' encoding to copy filtered resources.
2020-03-25 18:06:46,103 [Worker-45: Building] INFO  o.e.m.c.i.embedder.EclipseLogger - skip non existing resourceDirectory C:\Users\Korisnik\Desktop\AirFlyApp\AirFlySPRING\src\test\resources
2020-03-25 18:07:09,651 [Worker-47: Launching AirFlySPRING - AirFlySpringApplication] INFO  o.e.m.c.i.p.WorkspaceClassifierResolverManager - Resolving P/AirFlyJPA: AirFlyJPA:AirFlyJPA:0.0.1-SNAPSHOT with classifier null to /AirFlyJPA/target/classes
2020-03-25 18:09:45,258 [Worker-44: Building] INFO  o.e.m.c.i.embedder.EclipseLogger - Using 'UTF-8' encoding to copy filtered resources.
2020-03-25 18:09:45,263 [Worker-44: Building] INFO  o.e.m.c.i.embedder.EclipseLogger - Copying 1 resource
2020-03-25 18:09:45,267 [Worker-44: Building] INFO  o.e.m.c.i.embedder.EclipseLogger - Copying 0 resource
2020-03-25 18:09:45,275 [Worker-44: Building] INFO  o.e.m.c.i.embedder.EclipseLogger - Using 'UTF-8' encoding to copy filtered resources.
2020-03-25 18:09:45,279 [Worker-44: Building] INFO  o.e.m.c.i.embedder.EclipseLogger - skip non existing resourceDirectory C:\Users\Korisnik\Desktop\AirFlyApp\AirFlySPRING\src\test\resources
2020-03-26 20:35:08,177 [Worker-2: Loading available Gradle versions] INFO  o.e.b.c.i.u.g.PublishedGradleVersions - Gradle version information cache is out-of-date. Trying to update.
2020-03-26 20:36:49,889 [Worker-0: Building] WARN  o.e.m.c.i.embedder.EclipseLogger - Using platform encoding (Cp1252 actually) to copy filtered resources, i.e. build is platform dependent!
2020-03-26 20:36:49,967 [Worker-0: Building] INFO  o.e.m.c.i.embedder.EclipseLogger - Copying 1 resource
2020-03-26 20:36:50,030 [Worker-0: Building] WARN  o.e.m.c.i.embedder.EclipseLogger - Using platform encoding (Cp1252 actually) to copy filtered resources, i.e. build is platform dependent!
2020-03-26 20:36:50,030 [Worker-0: Building] INFO  o.e.m.c.i.embedder.EclipseLogger - skip non existing resourceDirectory C:\Users\Korisnik\Desktop\AirFlyApp\AirFlyJPA\src\test\resources
2020-03-26 20:37:05,638 [Worker-2: Building] INFO  o.e.m.c.i.p.WorkspaceClassifierResolverManager - Resolving P/AirFlyJPA: AirFlyJPA:AirFlyJPA:0.0.1-SNAPSHOT with classifier  to /AirFlyJPA/target/classes
2020-03-26 20:37:09,278 [Worker-2: Building] INFO  o.e.m.c.i.embedder.EclipseLogger - Using 'UTF-8' encoding to copy filtered resources.
2020-03-26 20:37:09,278 [Worker-2: Building] INFO  o.e.m.c.i.embedder.EclipseLogger - Copying 1 resource
2020-03-26 20:37:09,325 [Worker-2: Building] INFO  o.e.m.c.i.embedder.EclipseLogger - Copying 0 resource
2020-03-26 20:37:09,341 [Worker-2: Building] INFO  o.e.m.c.i.embedder.EclipseLogger - Using 'UTF-8' encoding to copy filtered resources.
2020-03-26 20:37:09,341 [Worker-2: Building] INFO  o.e.m.c.i.embedder.EclipseLogger - skip non existing resourceDirectory C:\Users\Korisnik\Desktop\AirFlyApp\AirFlySPRING\src\test\resources
2020-03-26 20:38:42,819 [Worker-3: Building] WARN  o.e.m.c.i.embedder.EclipseLogger - Using platform encoding (Cp1252 actually) to copy filtered resources, i.e. build is platform dependent!
2020-03-26 20:38:43,053 [Worker-3: Building] INFO  o.e.m.c.i.embedder.EclipseLogger - Copying 1 resource
2020-03-26 20:38:43,100 [Worker-3: Building] WARN  o.e.m.c.i.embedder.EclipseLogger - Using platform encoding (Cp1252 actually) to copy filtered resources, i.e. build is platform dependent!
2020-03-26 20:38:43,115 [Worker-3: Building] INFO  o.e.m.c.i.embedder.EclipseLogger - skip non existing resourceDirectory C:\Users\Korisnik\Desktop\AirFlyApp\AirFlyJPA\src\test\resources
2020-03-26 20:38:46,600 [Worker-0: Building] INFO  o.e.m.c.i.embedder.EclipseLogger - Using 'UTF-8' encoding to copy filtered resources.
2020-03-26 20:38:46,647 [Worker-0: Building] INFO  o.e.m.c.i.embedder.EclipseLogger - Copying 1 resource
2020-03-26 20:38:46,662 [Worker-0: Building] INFO  o.e.m.c.i.embedder.EclipseLogger - Copying 0 resource
2020-03-26 20:38:46,678 [Worker-0: Building] INFO  o.e.m.c.i.embedder.EclipseLogger - Using 'UTF-8' encoding to copy filtered resources.
2020-03-26 20:38:46,678 [Worker-0: Building] INFO  o.e.m.c.i.embedder.EclipseLogger - skip non existing resourceDirectory C:\Users\Korisnik\Desktop\AirFlyApp\AirFlySPRING\src\test\resources
2020-03-26 21:00:36,712 [Worker-5: Building] WARN  o.e.m.c.i.embedder.EclipseLogger - Using platform encoding (Cp1252 actually) to copy filtered resources, i.e. build is platform dependent!
2020-03-26 21:00:36,712 [Worker-5: Building] INFO  o.e.m.c.i.embedder.EclipseLogger - Copying 1 resource
2020-03-26 21:00:36,743 [Worker-5: Building] WARN  o.e.m.c.i.embedder.EclipseLogger - Using platform encoding (Cp1252 actually) to copy filtered resources, i.e. build is platform dependent!
2020-03-26 21:00:36,743 [Worker-5: Building] INFO  o.e.m.c.i.embedder.EclipseLogger - skip non existing resourceDirectory C:\Users\Korisnik\Desktop\AirFlyApp\AirFlyJPA\src\test\resources
2020-03-26 21:00:37,806 [Worker-13: Building] INFO  o.e.m.c.i.embedder.EclipseLogger - Using 'UTF-8' encoding to copy filtered resources.
2020-03-26 21:00:37,806 [Worker-13: Building] INFO  o.e.m.c.i.embedder.EclipseLogger - Copying 1 resource
2020-03-26 21:00:37,806 [Worker-13: Building] INFO  o.e.m.c.i.embedder.EclipseLogger - Copying 0 resource
2020-03-26 21:00:37,822 [Worker-13: Building] INFO  o.e.m.c.i.embedder.EclipseLogger - Using 'UTF-8' encoding to copy filtered resources.
2020-03-26 21:00:37,822 [Worker-13: Building] INFO  o.e.m.c.i.embedder.EclipseLogger - skip non existing resourceDirectory C:\Users\Korisnik\Desktop\AirFlyApp\AirFlySPRING\src\test\resources
2020-03-26 21:01:57,564 [Worker-13: Building] WARN  o.e.m.c.i.embedder.EclipseLogger - Using platform encoding (Cp1252 actually) to copy filtered resources, i.e. build is platform dependent!
2020-03-26 21:01:57,705 [Worker-13: Building] INFO  o.e.m.c.i.embedder.EclipseLogger - Copying 1 resource
2020-03-26 21:01:57,830 [Worker-13: Building] WARN  o.e.m.c.i.embedder.EclipseLogger - Using platform encoding (Cp1252 actually) to copy filtered resources, i.e. build is platform dependent!
2020-03-26 21:01:57,830 [Worker-13: Building] INFO  o.e.m.c.i.embedder.EclipseLogger - skip non existing resourceDirectory C:\Users\Korisnik\Desktop\AirFlyApp\AirFlyJPA\src\test\resources
2020-03-26 21:02:00,111 [Worker-5: Building] INFO  o.e.m.c.i.embedder.EclipseLogger - Using 'UTF-8' encoding to copy filtered resources.
2020-03-26 21:02:00,111 [Worker-5: Building] INFO  o.e.m.c.i.embedder.EclipseLogger - Copying 1 resource
2020-03-26 21:02:00,127 [Worker-5: Building] INFO  o.e.m.c.i.embedder.EclipseLogger - Copying 0 resource
2020-03-26 21:02:00,283 [Worker-5: Building] INFO  o.e.m.c.i.embedder.EclipseLogger - Using 'UTF-8' encoding to copy filtered resources.
2020-03-26 21:02:00,283 [Worker-5: Building] INFO  o.e.m.c.i.embedder.EclipseLogger - skip non existing resourceDirectory C:\Users\Korisnik\Desktop\AirFlyApp\AirFlySPRING\src\test\resources
2020-03-26 23:00:07,750 [Worker-42: Launching AirFlySPRING - AirFlySpringApplication] INFO  o.e.m.c.i.p.WorkspaceClassifierResolverManager - Resolving P/AirFlyJPA: AirFlyJPA:AirFlyJPA:0.0.1-SNAPSHOT with classifier null to /AirFlyJPA/target/classes
2020-03-26 23:01:36,995 [Worker-44: Launching AirFlySPRING - AirFlySpringApplication] INFO  o.e.m.c.i.p.WorkspaceClassifierResolverManager - Resolving P/AirFlyJPA: AirFlyJPA:AirFlyJPA:0.0.1-SNAPSHOT with classifier null to /AirFlyJPA/target/classes
2020-03-26 23:02:26,674 [Worker-41: Launching AirFlySPRING - AirFlySpringApplication] INFO  o.e.m.c.i.p.WorkspaceClassifierResolverManager - Resolving P/AirFlyJPA: AirFlyJPA:AirFlyJPA:0.0.1-SNAPSHOT with classifier null to /AirFlyJPA/target/classes
2020-03-26 23:33:25,674 [Worker-46: Building] WARN  o.e.m.c.i.embedder.EclipseLogger - Using platform encoding (Cp1252 actually) to copy filtered resources, i.e. build is platform dependent!
2020-03-26 23:33:25,717 [Worker-46: Building] INFO  o.e.m.c.i.embedder.EclipseLogger - Copying 1 resource
2020-03-26 23:33:25,729 [Worker-46: Building] WARN  o.e.m.c.i.embedder.EclipseLogger - Using platform encoding (Cp1252 actually) to copy filtered resources, i.e. build is platform dependent!
2020-03-26 23:33:25,731 [Worker-46: Building] INFO  o.e.m.c.i.embedder.EclipseLogger - skip non existing resourceDirectory C:\Users\Korisnik\Desktop\AirFlyApp\AirFlyJPA\src\test\resources
2020-03-26 23:33:27,770 [Worker-46: Building] INFO  o.e.m.c.i.embedder.EclipseLogger - Using 'UTF-8' encoding to copy filtered resources.
2020-03-26 23:33:27,774 [Worker-46: Building] INFO  o.e.m.c.i.embedder.EclipseLogger - Copying 1 resource
2020-03-26 23:33:27,786 [Worker-46: Building] INFO  o.e.m.c.i.embedder.EclipseLogger - Copying 0 resource
2020-03-26 23:33:27,790 [Worker-46: Building] INFO  o.e.m.c.i.embedder.EclipseLogger - Using 'UTF-8' encoding to copy filtered resources.
2020-03-26 23:33:27,791 [Worker-46: Building] INFO  o.e.m.c.i.embedder.EclipseLogger - skip non existing resourceDirectory C:\Users\Korisnik\Desktop\AirFlyApp\AirFlySPRING\src\test\resources
2020-03-26 23:34:51,365 [Worker-48: Building] WARN  o.e.m.c.i.embedder.EclipseLogger - Using platform encoding (Cp1252 actually) to copy filtered resources, i.e. build is platform dependent!
2020-03-26 23:34:51,376 [Worker-48: Building] INFO  o.e.m.c.i.embedder.EclipseLogger - Copying 1 resource
2020-03-26 23:34:51,388 [Worker-48: Building] WARN  o.e.m.c.i.embedder.EclipseLogger - Using platform encoding (Cp1252 actually) to copy filtered resources, i.e. build is platform dependent!
2020-03-26 23:34:51,390 [Worker-48: Building] INFO  o.e.m.c.i.embedder.EclipseLogger - skip non existing resourceDirectory C:\Users\Korisnik\Desktop\AirFlyApp\AirFlyJPA\src\test\resources
2020-03-26 23:34:53,311 [Worker-41: Building] INFO  o.e.m.c.i.embedder.EclipseLogger - Using 'UTF-8' encoding to copy filtered resources.
2020-03-26 23:34:53,316 [Worker-41: Building] INFO  o.e.m.c.i.embedder.EclipseLogger - Copying 1 resource
2020-03-26 23:34:53,322 [Worker-41: Building] INFO  o.e.m.c.i.embedder.EclipseLogger - Copying 0 resource
2020-03-26 23:34:53,328 [Worker-41: Building] INFO  o.e.m.c.i.embedder.EclipseLogger - Using 'UTF-8' encoding to copy filtered resources.
2020-03-26 23:34:53,329 [Worker-41: Building] INFO  o.e.m.c.i.embedder.EclipseLogger - skip non existing resourceDirectory C:\Users\Korisnik\Desktop\AirFlyApp\AirFlySPRING\src\test\resources
